Arguments: 
  E:\soft\node\node-16\node.exe C:\Users\sion\AppData\Roaming\npm\node_modules\yarn\bin\yarn.js add axios

PATH: 
  C:\WINDOWS\system32;C:\WINDOWS;C:\WINDOWS\System32\Wbem;C:\WINDOWS\System32\WindowsPowerShell\v1.0\;C:\WINDOWS\System32\OpenSSH\;C:\Users\sion\AppData\Roaming\nvm;C:\Program Files\nodejs;E:\soft\node\node-16\;E:\soft\Git\cmd;E:\soft\python\Scripts\;E:\soft\python\;C:\Users\sion\AppData\Local\Microsoft\WindowsApps;E:\soft\IntelliJ IDEA 2021.2.1\bin;;C:\Users\sion\AppData\Roaming\nvm;C:\Program Files\nodejs;C:\Users\sion\AppData\Roaming\npm;C:\Program Files\Bandizip\;E:\soft\Microsoft VS Code\bin

Yarn version: 
  1.22.17

Node version: 
  16.11.1

Platform: 
  win32 x64

Trace: 
  Error: EPERM: operation not permitted, unlink 'E:\git\springbBoot\vue\vite\node_modules\esbuild-windows-64\esbuild.exe'

npm manifest: 
  {
    "name": "vite",
    "version": "0.0.0",
    "license": "ISC",
    "scripts": {
      "dev": "vite",
      "build": "vue-tsc --noEmit && vite build",
      "serve": "vite preview"
    },
    "dependencies": {
      "@types/node": "^16.11.6",
      "ant-design-vue": "^2.2.8",
      "vite-plugin-components": "^0.13.3",
      "vue": "^3.2.16",
      "vue-router": "^3.5.3"
    },
    "devDependencies": {
      "@vitejs/plugin-vue": "^1.9.3",
      "typescript": "^4.4.3",
      "vite": "^2.6.4",
      "vue-tsc": "^0.3.0"
    }
  }

yarn manifest: 
  No manifest

Lockfile: 
  # THIS IS AN AUTOGENERATED FILE. DO NOT EDIT THIS FILE DIRECTLY.
  # yarn lockfile v1
  
  
  "@ant-design/colors@^5.0.0":
    "integrity" "sha512-Txy4KpHrp3q4XZdfgOBqLl+lkQIc3tEvHXOimRN1giX1AEC7mGtyrO9p8iRGJ3FLuVMGa2gNEzQyghVymLttKQ=="
    "resolved" "https://registry.npmjs.org/@ant-design/colors/-/colors-5.1.1.tgz"
    "version" "5.1.1"
    dependencies:
      "@ctrl/tinycolor" "^3.3.1"
  
  "@ant-design/icons-svg@^4.0.0":
    "integrity" "sha512-EB0iwlKDGpG93hW8f85CTJTs4SvMX7tt5ceupvhALp1IF44SeUFOMhKUOYqpsoYWQKAOuTRDMqn75rEaKDp0Xw=="
    "resolved" "https://registry.npmjs.org/@ant-design/icons-svg/-/icons-svg-4.2.1.tgz"
    "version" "4.2.1"
  
  "@ant-design/icons-vue@^6.0.0":
    "integrity" "sha512-HigIgEVV6bbcrz2A92/qDzi/aKWB5EC6b6E1mxMB6aQA7ksiKY+gi4U94TpqyEIIhR23uaDrjufJ+xCZQ+vx6Q=="
    "resolved" "https://registry.npmjs.org/@ant-design/icons-vue/-/icons-vue-6.0.1.tgz"
    "version" "6.0.1"
    dependencies:
      "@ant-design/colors" "^5.0.0"
      "@ant-design/icons-svg" "^4.0.0"
      "@types/lodash" "^4.14.165"
      "lodash" "^4.17.15"
  
  "@babel/helper-validator-identifier@^7.14.9":
    "integrity" "sha512-K4JvCtQqad9OY2+yTU8w+E82ywk/fe+ELNlt1G8z3bVGlZfn/hOcQQsUhGhW/N+tb3fxK800wLtKOE/aM0m72w=="
    "resolved" "https://registry.npmjs.org/@babel/helper-validator-identifier/-/helper-validator-identifier-7.15.7.tgz"
    "version" "7.15.7"
  
  "@babel/parser@^7.15.0", "@babel/parser@^7.6.0", "@babel/parser@^7.9.6":
    "integrity" "sha512-BRYa3wcQnjS/nqI8Ac94pYYpJfojHVvVXJ97+IDCImX4Jc8W8Xv1+47enbruk+q1etOpsQNwnfFcNGw+gtPGxA=="
    "resolved" "https://registry.npmjs.org/@babel/parser/-/parser-7.15.8.tgz"
    "version" "7.15.8"
  
  "@babel/runtime@^7.10.5":
    "integrity" "sha512-99catp6bHCaxr4sJ/DbTGgHS4+Rs2RVd2g7iOap6SLGPDknRK9ztKNsE/Fg6QhSeh1FGE5f6gHGQmvvn3I3xhw=="
    "resolved" "https://registry.npmjs.org/@babel/runtime/-/runtime-7.15.4.tgz"
    "version" "7.15.4"
    dependencies:
      "regenerator-runtime" "^0.13.4"
  
  "@babel/types@^7.6.1", "@babel/types@^7.9.6":
    "integrity" "sha512-BPU+7QhqNjmWyDO0/vitH/CuhpV8ZmK1wpKva8nuyNF5MJfuRNWMc+hc14+u9xT93kvykMdncrJT19h74uB1Ig=="
    "resolved" "https://registry.npmjs.org/@babel/types/-/types-7.15.6.tgz"
    "version" "7.15.6"
    dependencies:
      "@babel/helper-validator-identifier" "^7.14.9"
      "to-fast-properties" "^2.0.0"
  
  "@ctrl/tinycolor@^3.3.1":
    "integrity" "sha512-JZButFdZ1+/xAfpguQHoabIXkcqRRKpMrWKBkpEZZyxfY9C1DpADFB8PEqGSTeFr135SaTRfKqGKx5xSCLI7ZQ=="
    "resolved" "https://registry.npmjs.org/@ctrl/tinycolor/-/tinycolor-3.4.0.tgz"
    "version" "3.4.0"
  
  "@emmetio/abbreviation@^2.2.2":
    "integrity" "sha512-TtE/dBnkTCct8+LntkqVrwqQao6EnPAs1YN3cUgxOxTaBlesBCY37ROUAVZrRlG64GNnVShdl/b70RfAI3w5lw=="
    "resolved" "https://registry.npmjs.org/@emmetio/abbreviation/-/abbreviation-2.2.2.tgz"
    "version" "2.2.2"
    dependencies:
      "@emmetio/scanner" "^1.0.0"
  
  "@emmetio/css-abbreviation@^2.1.4":
    "integrity" "sha512-qk9L60Y+uRtM5CPbB0y+QNl/1XKE09mSO+AhhSauIfr2YOx/ta3NJw2d8RtCFxgzHeRqFRr8jgyzThbu+MZ4Uw=="
    "resolved" "https://registry.npmjs.org/@emmetio/css-abbreviation/-/css-abbreviation-2.1.4.tgz"
    "version" "2.1.4"
    dependencies:
      "@emmetio/scanner" "^1.0.0"
  
  "@emmetio/scanner@^1.0.0":
    "integrity" "sha512-8HqW8EVqjnCmWXVpqAOZf+EGESdkR27odcMMMGefgKXtar00SoYNSryGv//TELI4T3QFsECo78p+0lmalk/CFA=="
    "resolved" "https://registry.npmjs.org/@emmetio/scanner/-/scanner-1.0.0.tgz"
    "version" "1.0.0"
  
  "@nodelib/fs.scandir@2.1.5":
    "integrity" "sha512-vq24Bq3ym5HEQm2NKCr3yXDwjc7vTsEThRDnkp2DK9p1uqLR+DHurm/NOTo0KG7HYHU7eppKZj3MyqYuMBf62g=="
    "resolved" "https://registry.npmjs.org/@nodelib/fs.scandir/-/fs.scandir-2.1.5.tgz"
    "version" "2.1.5"
    dependencies:
      "@nodelib/fs.stat" "2.0.5"
      "run-parallel" "^1.1.9"
  
  "@nodelib/fs.stat@^2.0.2", "@nodelib/fs.stat@2.0.5":
    "integrity" "sha512-RkhPPp2zrqDAQA/2jNhnztcPAlv64XdhIp7a7454A5ovI7Bukxgt7MX7udwAu3zg1DcpPU0rz3VV1SeaqvY4+A=="
    "resolved" "https://registry.npmjs.org/@nodelib/fs.stat/-/fs.stat-2.0.5.tgz"
    "version" "2.0.5"
  
  "@nodelib/fs.walk@^1.2.3":
    "integrity" "sha512-oGB+UxlgWcgQkgwo8GcEGwemoTFt3FIO9ababBmaGwXIoBKZ+GTy0pP185beGg7Llih/NSHSV2XAs1lnznocSg=="
    "resolved" "https://registry.npmjs.org/@nodelib/fs.walk/-/fs.walk-1.2.8.tgz"
    "version" "1.2.8"
    dependencies:
      "@nodelib/fs.scandir" "2.1.5"
      "fastq" "^1.6.0"
  
  "@simonwep/pickr@~1.8.0":
    "integrity" "sha512-/l5w8BIkrpP6n1xsetx9MWPWlU6OblN5YgZZphxan0Tq4BByTCETL6lyIeY8lagalS2Nbt4F2W034KHLIiunKA=="
    "resolved" "https://registry.npmjs.org/@simonwep/pickr/-/pickr-1.8.2.tgz"
    "version" "1.8.2"
    dependencies:
      "core-js" "^3.15.1"
      "nanopop" "^2.1.0"
  
  "@types/lodash@^4.14.165":
    "integrity" "sha512-xZmuPTa3rlZoIbtDUyJKZQimJV3bxCmzMIO2c9Pz9afyDro6kr7R79GwcB6mRhuoPmV2p1Vb66WOJH7F886WKQ=="
    "resolved" "https://registry.npmjs.org/@types/lodash/-/lodash-4.14.176.tgz"
    "version" "4.14.176"
  
  "@types/node@^16.11.6":
    "integrity" "sha512-ua7PgUoeQFjmWPcoo9khiPum3Pd60k4/2ZGXt18sm2Slk0W0xZTqt5Y0Ny1NyBiN1EVQ/+FaF9NcY4Qe6rwk5w=="
    "resolved" "https://registry.npmjs.org/@types/node/-/node-16.11.6.tgz"
    "version" "16.11.6"
  
  "@vitejs/plugin-vue@^1.9.3":
    "integrity" "sha512-0CZqaCoChriPTTtGkERy1LGPcYjGFpi2uYRhBPIkqJqUGV5JnJFhQAgh6oH9j5XZHfrRaisX8W0xSpO4T7S78A=="
    "resolved" "https://registry.npmjs.org/@vitejs/plugin-vue/-/plugin-vue-1.9.4.tgz"
    "version" "1.9.4"
  
  "@volar/code-gen@^0.27.24":
    "integrity" "sha512-s4j/QqOZUW03PeD6LmVYI00Q1C3CfJEOePDOQwDvCTUov4lFk0iSBtFyYhjlLyQ1pdtV1+TDTErkj2aMQtc4PA=="
    "resolved" "https://registry.npmjs.org/@volar/code-gen/-/code-gen-0.27.24.tgz"
    "version" "0.27.24"
    dependencies:
      "@volar/shared" "^0.27.24"
      "@volar/source-map" "^0.27.24"
  
  "@volar/html2pug@^0.27.13":
    "integrity" "sha512-3NYgNA5F3PDsKbbpOrVdGy2S7ZYmZIbFmbp1A/27DDzjj/uIC9Pj7HXVvbYOzi8HcOxUPt0BMrh4TVzBUaCFww=="
    "resolved" "https://registry.npmjs.org/@volar/html2pug/-/html2pug-0.27.13.tgz"
    "version" "0.27.13"
    dependencies:
      "domelementtype" "^2.2.0"
      "domhandler" "^4.2.0"
      "htmlparser2" "^6.1.0"
      "pug" "^3.0.2"
  
  "@volar/shared@^0.27.24":
    "integrity" "sha512-Mi8a4GQaiorfb+o4EqOXDZm9E/uBJXgScFgF+NhtcMBOUKHNMKQyLI7YRGumtyJTTdaX7nSDJjGGTkv23tcOtQ=="
    "resolved" "https://registry.npmjs.org/@volar/shared/-/shared-0.27.24.tgz"
    "version" "0.27.24"
    dependencies:
      "upath" "^2.0.1"
      "vscode-jsonrpc" "^8.0.0-next.2"
      "vscode-uri" "^3.0.2"
  
  "@volar/source-map@^0.27.24":
    "integrity" "sha512-2I5a7cXqekZ66D6lHep7ttJgvVVtPEBUIe1hnpcGbnXWNA2ya6f6jKNNyTmrXQyfkh32IEuaUd4kocR+3AKMag=="
    "resolved" "https://registry.npmjs.org/@volar/source-map/-/source-map-0.27.24.tgz"
    "version" "0.27.24"
    dependencies:
      "@volar/shared" "^0.27.24"
  
  "@volar/transforms@^0.27.24":
    "integrity" "sha512-sOHi1ZSapFlxn7yPl4MO5TXd9aWC0BVq2CgXAJ2EESb+ddh2uJbGQgLLNocX+MDh419cUuuFT2QAJpuWHhJcng=="
    "resolved" "https://registry.npmjs.org/@volar/transforms/-/transforms-0.27.24.tgz"
    "version" "0.27.24"
    dependencies:
      "@volar/shared" "^0.27.24"
      "vscode-languageserver" "^8.0.0-next.2"
  
  "@vscode/emmet-helper@^2.7.0":
    "integrity" "sha512-A/+pkBYQq2JTow1A2flfTmEOmiF780KpdkoX7VBjQ7wujeA+CFUPd17YdeIa9aim20+J5Jp7SFujPDwVFiQucQ=="
    "resolved" "https://registry.npmjs.org/@vscode/emmet-helper/-/emmet-helper-2.8.2.tgz"
    "version" "2.8.2"
    dependencies:
      "emmet" "^2.3.0"
      "jsonc-parser" "^2.3.0"
      "vscode-languageserver-textdocument" "^1.0.1"
      "vscode-languageserver-types" "^3.15.1"
      "vscode-nls" "^5.0.0"
      "vscode-uri" "^2.1.2"
  
  "@vue/compiler-core@3.2.20":
    "integrity" "sha512-vcEXlKXoPwBXFP5aUTHN9GTZaDfwCofa9Yu9bbW2C5O/QSa9Esdt7OG4+0RRd3EHEMxUvEdj4RZrd/KpQeiJbA=="
    "resolved" "https://registry.npmjs.org/@vue/compiler-core/-/compiler-core-3.2.20.tgz"
    "version" "3.2.20"
    dependencies:
      "@babel/parser" "^7.15.0"
      "@vue/shared" "3.2.20"
      "estree-walker" "^2.0.2"
      "source-map" "^0.6.1"
  
  "@vue/compiler-dom@^3.2.19", "@vue/compiler-dom@3.2.20":
    "integrity" "sha512-QnI77ec/JtV7R0YBbcVayYTDCRcI9OCbxiUQK6izVyqQO0658n0zQuoNwe+bYgtqnvGAIqTR3FShTd5y4oOjdg=="
    "resolved" "https://registry.npmjs.org/@vue/compiler-dom/-/compiler-dom-3.2.20.tgz"
    "version" "3.2.20"
    dependencies:
      "@vue/compiler-core" "3.2.20"
      "@vue/shared" "3.2.20"
  
  "@vue/compiler-sfc@>=3.1.0", "@vue/compiler-sfc@3.2.20":
    "integrity" "sha512-03aZo+6tQKiFLfunHKSPZvdK4Jsn/ftRCyaro8AQIWkuxJbvSosbKK6HTTn+D2c3nPScG155akJoxKENw7rftQ=="
    "resolved" "https://registry.npmjs.org/@vue/compiler-sfc/-/compiler-sfc-3.2.20.tgz"
    "version" "3.2.20"
    dependencies:
      "@babel/parser" "^7.15.0"
      "@vue/compiler-core" "3.2.20"
      "@vue/compiler-dom" "3.2.20"
      "@vue/compiler-ssr" "3.2.20"
      "@vue/ref-transform" "3.2.20"
      "@vue/shared" "3.2.20"
      "estree-walker" "^2.0.2"
      "magic-string" "^0.25.7"
      "postcss" "^8.1.10"
      "source-map" "^0.6.1"
  
  "@vue/compiler-ssr@3.2.20":
    "integrity" "sha512-rzzVVYivm+EjbfiGQvNeyiYZWzr6Hkej97RZLZvcumacQlnKv9176Xo9rRyeWwFbBlxmtNdrVMslRXtipMXk2w=="
    "resolved" "https://registry.npmjs.org/@vue/compiler-ssr/-/compiler-ssr-3.2.20.tgz"
    "version" "3.2.20"
    dependencies:
      "@vue/compiler-dom" "3.2.20"
      "@vue/shared" "3.2.20"
  
  "@vue/reactivity@^3.2.19", "@vue/reactivity@3.2.20":
    "integrity" "sha512-nSmoLojUTk+H8HNTAkrUduB4+yIUBK2HPihJo2uXVSH4Spry6oqN6lFzE5zpLK+F27Sja+UqR9R1+/kIOsHV5w=="
    "resolved" "https://registry.npmjs.org/@vue/reactivity/-/reactivity-3.2.20.tgz"
    "version" "3.2.20"
    dependencies:
      "@vue/shared" "3.2.20"
  
  "@vue/ref-transform@3.2.20":
    "integrity" "sha512-Y42d3PGlYZ1lXcF3dbd3+qU/C/a3wYEZ949fyOI5ptzkjDWlkfU6vn74fmOjsLjEcjs10BXK2qO99FqQIK2r1Q=="
    "resolved" "https://registry.npmjs.org/@vue/ref-transform/-/ref-transform-3.2.20.tgz"
    "version" "3.2.20"
    dependencies:
      "@babel/parser" "^7.15.0"
      "@vue/compiler-core" "3.2.20"
      "@vue/shared" "3.2.20"
      "estree-walker" "^2.0.2"
      "magic-string" "^0.25.7"
  
  "@vue/runtime-core@3.2.20":
    "integrity" "sha512-d1xfUGhZPfiZzAN7SatStD4vRtT8deJSXib2+Cz3x0brjMWKxe32asQc154FF1E2fFgMCHtnfd4A90bQEzV4GQ=="
    "resolved" "https://registry.npmjs.org/@vue/runtime-core/-/runtime-core-3.2.20.tgz"
    "version" "3.2.20"
    dependencies:
      "@vue/reactivity" "3.2.20"
      "@vue/shared" "3.2.20"
  
  "@vue/runtime-dom@3.2.20":
    "integrity" "sha512-4TCvZMLhESWCFHFYgqN4QmMA/onnINAlUovhopjlS8ST27G1A8Z0tyxPzLoXLa+b5JrOpbMPheEMPvdKExTJig=="
    "resolved" "https://registry.npmjs.org/@vue/runtime-dom/-/runtime-dom-3.2.20.tgz"
    "version" "3.2.20"
    dependencies:
      "@vue/runtime-core" "3.2.20"
      "@vue/shared" "3.2.20"
      "csstype" "^2.6.8"
  
  "@vue/server-renderer@3.2.20":
    "integrity" "sha512-viIbZGep9XabnrRcaxWIi00cOh1x21QYm2upIL5W0zqzTJ54VdTzpI+zi1osNp+VfRQDTHpV2U7H3Kn4ljYJvg=="
    "resolved" "https://registry.npmjs.org/@vue/server-renderer/-/server-renderer-3.2.20.tgz"
    "version" "3.2.20"
    dependencies:
      "@vue/compiler-ssr" "3.2.20"
      "@vue/shared" "3.2.20"
  
  "@vue/shared@^3.2.19", "@vue/shared@3.2.20":
    "integrity" "sha512-FbpX+hD5BvXCQerEYO7jtAGHlhAkhTQ4KIV73kmLWNlawWhTiVuQxizgVb0BOkX5oG9cIRZ42EG++d/k/Efp0w=="
    "resolved" "https://registry.npmjs.org/@vue/shared/-/shared-3.2.20.tgz"
    "version" "3.2.20"
  
  "acorn@^7.1.1":
    "integrity" "sha512-nQyp0o1/mNdbTO1PO6kHkwSrmgZ0MT/jCCpNiwbUjGoRN4dlBhqJtoQuCnEOKzgTVwg0ZWiCoQy6SxMebQVh8A=="
    "resolved" "https://registry.npmjs.org/acorn/-/acorn-7.4.1.tgz"
    "version" "7.4.1"
  
  "ant-design-vue@^2.2.8":
    "integrity" "sha512-3graq9/gCfJQs6hznrHV6sa9oDmk/D1H3Oo0vLdVpPS/I61fZPk8NEyNKCHpNA6fT2cx6xx9U3QS63uuyikg/Q=="
    "resolved" "https://registry.npmjs.org/ant-design-vue/-/ant-design-vue-2.2.8.tgz"
    "version" "2.2.8"
    dependencies:
      "@ant-design/icons-vue" "^6.0.0"
      "@babel/runtime" "^7.10.5"
      "@simonwep/pickr" "~1.8.0"
      "array-tree-filter" "^2.1.0"
      "async-validator" "^3.3.0"
      "dom-align" "^1.12.1"
      "dom-scroll-into-view" "^2.0.0"
      "lodash" "^4.17.21"
      "lodash-es" "^4.17.15"
      "moment" "^2.27.0"
      "omit.js" "^2.0.0"
      "resize-observer-polyfill" "^1.5.1"
      "scroll-into-view-if-needed" "^2.2.25"
      "shallow-equal" "^1.0.0"
      "vue-types" "^3.0.0"
      "warning" "^4.0.0"
  
  "array-tree-filter@^2.1.0":
    "integrity" "sha512-4ROwICNlNw/Hqa9v+rk5h22KjmzB1JGTMVKP2AKJBOCgb0yL0ASf0+YvCcLNNwquOHNX48jkeZIJ3a+oOQqKcw=="
    "resolved" "https://registry.npmjs.org/array-tree-filter/-/array-tree-filter-2.1.0.tgz"
    "version" "2.1.0"
  
  "asap@~2.0.3":
    "integrity" "sha1-5QNHYR1+aQlDIIu9r+vLwvuGbUY="
    "resolved" "https://registry.npmjs.org/asap/-/asap-2.0.6.tgz"
    "version" "2.0.6"
  
  "assert-never@^1.2.1":
    "integrity" "sha512-TaTivMB6pYI1kXwrFlEhLeGfOqoDNdTxjCdwRfFFkEA30Eu+k48W34nlok2EYWJfFFzqaEmichdNM7th6M5HNw=="
    "resolved" "https://registry.npmjs.org/assert-never/-/assert-never-1.2.1.tgz"
    "version" "1.2.1"
  
  "async-validator@^3.3.0":
    "integrity" "sha512-8eLCg00W9pIRZSB781UUX/H6Oskmm8xloZfr09lz5bikRpBVDlJ3hRVuxxP1SxcwsEYfJ4IU8Q19Y8/893r3rQ=="
    "resolved" "https://registry.npmjs.org/async-validator/-/async-validator-3.5.2.tgz"
    "version" "3.5.2"
  
  "babel-walk@3.0.0-canary-5":
    "integrity" "sha512-GAwkz0AihzY5bkwIY5QDR+LvsRQgB/B+1foMPvi0FZPMl5fjD7ICiznUiBdLYMH1QYe6vqu4gWYytZOccLouFw=="
    "resolved" "https://registry.npmjs.org/babel-walk/-/babel-walk-3.0.0-canary-5.tgz"
    "version" "3.0.0-canary-5"
    dependencies:
      "@babel/types" "^7.9.6"
  
  "balanced-match@^1.0.0":
    "integrity" "sha512-3oSeUO0TMV67hN1AmbXsK4yaqU7tjiHlbxRDZOpH0KW9+CeX4bRAaX0Anxt0tx2MrpRpWwQaPwIlISEJhYU5Pw=="
    "resolved" "https://registry.npmjs.org/balanced-match/-/balanced-match-1.0.2.tgz"
    "version" "1.0.2"
  
  "brace-expansion@^1.1.7":
    "integrity" "sha512-iCuPHDFgrHX7H2vEI/5xpz07zSHB00TpugqhmYtVmMO6518mCuRMoOYFldEBl0g187ufozdaHgWKcYFb61qGiA=="
    "resolved" "https://registry.npmjs.org/brace-expansion/-/brace-expansion-1.1.11.tgz"
    "version" "1.1.11"
    dependencies:
      "balanced-match" "^1.0.0"
      "concat-map" "0.0.1"
  
  "braces@^3.0.1":
    "integrity" "sha512-b8um+L1RzM3WDSzvhm6gIz1yfTbBt6YTlcEKAvsmqCZZFw46z626lVj9j1yEPW33H5H+lBQpZMP1k8l+78Ha0A=="
    "resolved" "https://registry.npmjs.org/braces/-/braces-3.0.2.tgz"
    "version" "3.0.2"
    dependencies:
      "fill-range" "^7.0.1"
  
  "call-bind@^1.0.2":
    "integrity" "sha512-7O+FbCihrB5WGbFYesctwmTKae6rOiIzmz1icreWJ+0aA7LJfuqhEso2T9ncpcFtzMQtzXf2QGGueWJGTYsqrA=="
    "resolved" "https://registry.npmjs.org/call-bind/-/call-bind-1.0.2.tgz"
    "version" "1.0.2"
    dependencies:
      "function-bind" "^1.1.1"
      "get-intrinsic" "^1.0.2"
  
  "character-parser@^2.2.0":
    "integrity" "sha1-x84o821LzZdE5f/CxfzeHHMmH8A="
    "resolved" "https://registry.npmjs.org/character-parser/-/character-parser-2.2.0.tgz"
    "version" "2.2.0"
    dependencies:
      "is-regex" "^1.0.3"
  
  "compute-scroll-into-view@^1.0.17":
    "integrity" "sha512-j4dx+Fb0URmzbwwMUrhqWM2BEWHdFGx+qZ9qqASHRPqvTYdqvWnHg0H1hIbcyLnvgnoNAVMlwkepyqM3DaIFUg=="
    "resolved" "https://registry.npmjs.org/compute-scroll-into-view/-/compute-scroll-into-view-1.0.17.tgz"
    "version" "1.0.17"
  
  "concat-map@0.0.1":
    "integrity" "sha1-2Klr13/Wjfd5OnMDajug1UBdR3s="
    "resolved" "https://registry.npmjs.org/concat-map/-/concat-map-0.0.1.tgz"
    "version" "0.0.1"
  
  "constantinople@^4.0.1":
    "integrity" "sha512-vCrqcSIq4//Gx74TXXCGnHpulY1dskqLTFGDmhrGxzeXL8lF8kvXv6mpNWlJj1uD4DW23D4ljAqbY4RRaaUZIw=="
    "resolved" "https://registry.npmjs.org/constantinople/-/constantinople-4.0.1.tgz"
    "version" "4.0.1"
    dependencies:
      "@babel/parser" "^7.6.0"
      "@babel/types" "^7.6.1"
  
  "core-js@^3.15.1":
    "integrity" "sha512-L1TpFRWXZ76vH1yLM+z6KssLZrP8Z6GxxW4auoCj+XiViOzNPJCAuTIkn03BGdFe6Z5clX5t64wRIRypsZQrUg=="
    "resolved" "https://registry.npmjs.org/core-js/-/core-js-3.19.0.tgz"
    "version" "3.19.0"
  
  "csstype@^2.6.8":
    "integrity" "sha512-RSU6Hyeg14am3Ah4VZEmeX8H7kLwEEirXe6aU2IPfKNvhXwTflK5HQRDNI0ypQXoqmm+QPyG2IaPuQE5zMwSIQ=="
    "resolved" "https://registry.npmjs.org/csstype/-/csstype-2.6.18.tgz"
    "version" "2.6.18"
  
  "debug@^4.3.2":
    "integrity" "sha512-mOp8wKcvj7XxC78zLgw/ZA+6TSgkoE2C/ienthhRD298T7UNwAg9diBpLRxC0mOezLl4B0xV7M0cCO6P/O0Xhw=="
    "resolved" "https://registry.npmjs.org/debug/-/debug-4.3.2.tgz"
    "version" "4.3.2"
    dependencies:
      "ms" "2.1.2"
  
  "doctypes@^1.1.0":
    "integrity" "sha1-6oCxBqh1OHdOijpKWv4pPeSJ4Kk="
    "resolved" "https://registry.npmjs.org/doctypes/-/doctypes-1.1.0.tgz"
    "version" "1.1.0"
  
  "dom-align@^1.12.1":
    "integrity" "sha512-pHuazgqrsTFrGU2WLDdXxCFabkdQDx72ddkraZNih1KsMcN5qsRSTR9O4VJRlwTPCPb5COYg3LOfiMHHcPInHg=="
    "resolved" "https://registry.npmjs.org/dom-align/-/dom-align-1.12.2.tgz"
    "version" "1.12.2"
  
  "dom-scroll-into-view@^2.0.0":
    "integrity" "sha512-bvVTQe1lfaUr1oFzZX80ce9KLDlZ3iU+XGNE/bz9HnGdklTieqsbmsLHe+rT2XWqopvL0PckkYqN7ksmm5pe3w=="
    "resolved" "https://registry.npmjs.org/dom-scroll-into-view/-/dom-scroll-into-view-2.0.1.tgz"
    "version" "2.0.1"
  
  "dom-serializer@^1.0.1":
    "integrity" "sha512-5c54Bk5Dw4qAxNOI1pFEizPSjVsx5+bpJKmL2kPn8JhBUq2q09tTCa3mjijun2NfK78NMouDYNMBkOrPZiS+ig=="
    "resolved" "https://registry.npmjs.org/dom-serializer/-/dom-serializer-1.3.2.tgz"
    "version" "1.3.2"
    dependencies:
      "domelementtype" "^2.0.1"
      "domhandler" "^4.2.0"
      "entities" "^2.0.0"
  
  "domelementtype@^2.0.1", "domelementtype@^2.2.0":
    "integrity" "sha512-DtBMo82pv1dFtUmHyr48beiuq792Sxohr+8Hm9zoxklYPfa6n0Z3Byjj2IV7bmr2IyqClnqEQhfgHJJ5QF0R5A=="
    "resolved" "https://registry.npmjs.org/domelementtype/-/domelementtype-2.2.0.tgz"
    "version" "2.2.0"
  
  "domhandler@^4.0.0", "domhandler@^4.2.0":
    "integrity" "sha512-PzE9aBMsdZO8TK4BnuJwH0QT41wgMbRzuZrHUcpYncEjmQazq8QEaBWgLG7ZyC/DAZKEgglpIA6j4Qn/HmxS3w=="
    "resolved" "https://registry.npmjs.org/domhandler/-/domhandler-4.2.2.tgz"
    "version" "4.2.2"
    dependencies:
      "domelementtype" "^2.2.0"
  
  "domutils@^2.5.2":
    "integrity" "sha512-w96Cjofp72M5IIhpjgobBimYEfoPjx1Vx0BSX9P30WBdZW2WIKU0T1Bd0kz2eNZ9ikjKgHbEyKx8BB6H1L3h3A=="
    "resolved" "https://registry.npmjs.org/domutils/-/domutils-2.8.0.tgz"
    "version" "2.8.0"
    dependencies:
      "dom-serializer" "^1.0.1"
      "domelementtype" "^2.2.0"
      "domhandler" "^4.2.0"
  
  "emmet@^2.3.0":
    "integrity" "sha512-3IqSwmO+N2ZGeuhDyhV/TIOJFUbkChi53bcasSNRE7Yd+4eorbbYz4e53TpMECt38NtYkZNupQCZRlwdAYA42A=="
    "resolved" "https://registry.npmjs.org/emmet/-/emmet-2.3.4.tgz"
    "version" "2.3.4"
    dependencies:
      "@emmetio/abbreviation" "^2.2.2"
      "@emmetio/css-abbreviation" "^2.1.4"
  
  "entities@^2.0.0":
    "integrity" "sha512-p92if5Nz619I0w+akJrLZH0MX0Pb5DX39XOwQTtXSdQQOaYH03S1uIQp4mhOZtAXrxq4ViO67YTiLBo2638o9A=="
    "resolved" "https://registry.npmjs.org/entities/-/entities-2.2.0.tgz"
    "version" "2.2.0"
  
  "esbuild-windows-64@0.13.9":
    "integrity" "sha512-VmA9GQMCzOr8rFfD72Dum1+AWhJui7ZO6sYwp6rBHYu4vLmWITTSUsd/zgXXmZuHBPkkvxLJLF8XsKFCRKflJA=="
    "resolved" "https://registry.npmjs.org/esbuild-windows-64/-/esbuild-windows-64-0.13.9.tgz"
    "version" "0.13.9"
  
  "esbuild@^0.13.2":
    "integrity" "sha512-8bYcckmisXjGvBMeylp1PRtu21uOoCDFAgXGGF2BR241zYQDN6ZLNvcmQlnQ7olG0p6PRWmJI8WVH3ca8viPuw=="
    "resolved" "https://registry.npmjs.org/esbuild/-/esbuild-0.13.9.tgz"
    "version" "0.13.9"
    optionalDependencies:
      "esbuild-android-arm64" "0.13.9"
      "esbuild-darwin-64" "0.13.9"
      "esbuild-darwin-arm64" "0.13.9"
      "esbuild-freebsd-64" "0.13.9"
      "esbuild-freebsd-arm64" "0.13.9"
      "esbuild-linux-32" "0.13.9"
      "esbuild-linux-64" "0.13.9"
      "esbuild-linux-arm" "0.13.9"
      "esbuild-linux-arm64" "0.13.9"
      "esbuild-linux-mips64le" "0.13.9"
      "esbuild-linux-ppc64le" "0.13.9"
      "esbuild-netbsd-64" "0.13.9"
      "esbuild-openbsd-64" "0.13.9"
      "esbuild-sunos-64" "0.13.9"
      "esbuild-windows-32" "0.13.9"
      "esbuild-windows-64" "0.13.9"
      "esbuild-windows-arm64" "0.13.9"
  
  "estree-walker@^2.0.2":
    "integrity" "sha512-Rfkk/Mp/DL7JVje3u18FxFujQlTNR2q6QfMSMB7AvCBx91NGj/ba3kCfza0f6dVDbw7YlRf/nDrn7pQrCCyQ/w=="
    "resolved" "https://registry.npmjs.org/estree-walker/-/estree-walker-2.0.2.tgz"
    "version" "2.0.2"
  
  "fast-glob@^3.2.7":
    "integrity" "sha512-rYGMRwip6lUMvYD3BTScMwT1HtAs2d71SMv66Vrxs0IekGZEjhM0pcMfjQPnknBt2zeCwQMEupiN02ZP4DiT1Q=="
    "resolved" "https://registry.npmjs.org/fast-glob/-/fast-glob-3.2.7.tgz"
    "version" "3.2.7"
    dependencies:
      "@nodelib/fs.stat" "^2.0.2"
      "@nodelib/fs.walk" "^1.2.3"
      "glob-parent" "^5.1.2"
      "merge2" "^1.3.0"
      "micromatch" "^4.0.4"
  
  "fastq@^1.6.0":
    "integrity" "sha512-YpkpUnK8od0o1hmeSc7UUs/eB/vIPWJYjKck2QKIzAf71Vm1AAQ3EbuZB3g2JIy+pg+ERD0vqI79KyZiB2e2Nw=="
    "resolved" "https://registry.npmjs.org/fastq/-/fastq-1.13.0.tgz"
    "version" "1.13.0"
    dependencies:
      "reusify" "^1.0.4"
  
  "fill-range@^7.0.1":
    "integrity" "sha512-qOo9F+dMUmC2Lcb4BbVvnKJxTPjCm+RRpe4gDuGrzkL7mEVl/djYSu2OdQ2Pa302N4oqkSg9ir6jaLWJ2USVpQ=="
    "resolved" "https://registry.npmjs.org/fill-range/-/fill-range-7.0.1.tgz"
    "version" "7.0.1"
    dependencies:
      "to-regex-range" "^5.0.1"
  
  "function-bind@^1.1.1":
    "integrity" "sha512-yIovAzMX49sF8Yl58fSCWJ5svSLuaibPxXQJFLmBObTuCr0Mf1KiPopGM9NiFjiYBCbfaa2Fh6breQ6ANVTI0A=="
    "resolved" "https://registry.npmjs.org/function-bind/-/function-bind-1.1.1.tgz"
    "version" "1.1.1"
  
  "get-intrinsic@^1.0.2":
    "integrity" "sha512-kWZrnVM42QCiEA2Ig1bG8zjoIMOgxWwYCEeNdwY6Tv/cOSeGpcoX4pXHfKUxNKVoArnrEr2e9srnAxxGIraS9Q=="
    "resolved" "https://registry.npmjs.org/get-intrinsic/-/get-intrinsic-1.1.1.tgz"
    "version" "1.1.1"
    dependencies:
      "function-bind" "^1.1.1"
      "has" "^1.0.3"
      "has-symbols" "^1.0.1"
  
  "glob-parent@^5.1.2":
    "integrity" "sha512-AOIgSQCepiJYwP3ARnGx+5VnTu2HBYdzbGP45eLw1vr3zB3vZLeyed1sC9hnbcOc9/SrMyM5RPQrkGz4aS9Zow=="
    "resolved" "https://registry.npmjs.org/glob-parent/-/glob-parent-5.1.2.tgz"
    "version" "5.1.2"
    dependencies:
      "is-glob" "^4.0.1"
  
  "has-symbols@^1.0.1", "has-symbols@^1.0.2":
    "integrity" "sha512-chXa79rL/UC2KlX17jo3vRGz0azaWEx5tGqZg5pO3NUyEJVB17dMruQlzCCOfUvElghKcm5194+BCRvi2Rv/Gw=="
    "resolved" "https://registry.npmjs.org/has-symbols/-/has-symbols-1.0.2.tgz"
    "version" "1.0.2"
  
  "has-tostringtag@^1.0.0":
    "integrity" "sha512-kFjcSNhnlGV1kyoGk7OXKSawH5JOb/LzUc5w9B02hOTO0dfFRjbHQKvg1d6cf3HbeUmtU9VbbV3qzZ2Teh97WQ=="
    "resolved" "https://registry.npmjs.org/has-tostringtag/-/has-tostringtag-1.0.0.tgz"
    "version" "1.0.0"
    dependencies:
      "has-symbols" "^1.0.2"
  
  "has@^1.0.3":
    "integrity" "sha512-f2dvO0VU6Oej7RkWJGrehjbzMAjFp5/VKPp5tTpWIV4JHHZK1/BxbFRtf/siA2SWTe09caDmVtYYzWEIbBS4zw=="
    "resolved" "https://registry.npmjs.org/has/-/has-1.0.3.tgz"
    "version" "1.0.3"
    dependencies:
      "function-bind" "^1.1.1"
  
  "htmlparser2@^6.1.0":
    "integrity" "sha512-gyyPk6rgonLFEDGoeRgQNaEUvdJ4ktTmmUh/h2t7s+M8oPpIPxgNACWa+6ESR57kXstwqPiCut0V8NRpcwgU7A=="
    "resolved" "https://registry.npmjs.org/htmlparser2/-/htmlparser2-6.1.0.tgz"
    "version" "6.1.0"
    dependencies:
      "domelementtype" "^2.0.1"
      "domhandler" "^4.0.0"
      "domutils" "^2.5.2"
      "entities" "^2.0.0"
  
  "is-core-module@^2.2.0":
    "integrity" "sha512-vd15qHsaqrRL7dtH6QNuy0ndJmRDrS9HAM1CAiSifNUFv4x1a0CCVsj18hJ1mShxIG6T2i1sO78MkP56r0nYRw=="
    "resolved" "https://registry.npmjs.org/is-core-module/-/is-core-module-2.8.0.tgz"
    "version" "2.8.0"
    dependencies:
      "has" "^1.0.3"
  
  "is-expression@^4.0.0":
    "integrity" "sha512-zMIXX63sxzG3XrkHkrAPvm/OVZVSCPNkwMHU8oTX7/U3AL78I0QXCEICXUM13BIa8TYGZ68PiTKfQz3yaTNr4A=="
    "resolved" "https://registry.npmjs.org/is-expression/-/is-expression-4.0.0.tgz"
    "version" "4.0.0"
    dependencies:
      "acorn" "^7.1.1"
      "object-assign" "^4.1.1"
  
  "is-extglob@^2.1.1":
    "integrity" "sha1-qIwCU1eR8C7TfHahueqXc8gz+MI="
    "resolved" "https://registry.npmjs.org/is-extglob/-/is-extglob-2.1.1.tgz"
    "version" "2.1.1"
  
  "is-glob@^4.0.1":
    "integrity" "sha512-xelSayHH36ZgE7ZWhli7pW34hNbNl8Ojv5KVmkJD4hBdD3th8Tfk9vYasLM+mXWOZhFkgZfxhLSnrwRr4elSSg=="
    "resolved" "https://registry.npmjs.org/is-glob/-/is-glob-4.0.3.tgz"
    "version" "4.0.3"
    dependencies:
      "is-extglob" "^2.1.1"
  
  "is-number@^7.0.0":
    "integrity" "sha512-41Cifkg6e8TylSpdtTpeLVMqvSBEVzTttHvERD741+pnZ8ANv0004MRL43QKPDlK9cGvNp6NZWZUBlbGXYxxng=="
    "resolved" "https://registry.npmjs.org/is-number/-/is-number-7.0.0.tgz"
    "version" "7.0.0"
  
  "is-plain-object@3.0.1":
    "integrity" "sha512-Xnpx182SBMrr/aBik8y+GuR4U1L9FqMSojwDQwPMmxyC6bvEqly9UBCxhauBF5vNh2gwWJNX6oDV7O+OM4z34g=="
    "resolved" "https://registry.npmjs.org/is-plain-object/-/is-plain-object-3.0.1.tgz"
    "version" "3.0.1"
  
  "is-promise@^2.0.0":
    "integrity" "sha512-+lP4/6lKUBfQjZ2pdxThZvLUAafmZb8OAxFb8XXtiQmS35INgr85hdOGoEs124ez1FCnZJt6jau/T+alh58QFQ=="
    "resolved" "https://registry.npmjs.org/is-promise/-/is-promise-2.2.2.tgz"
    "version" "2.2.2"
  
  "is-regex@^1.0.3":
    "integrity" "sha512-kvRdxDsxZjhzUX07ZnLydzS1TU/TJlTUHHY4YLL87e37oUA49DfkLqgy+VjFocowy29cKvcSiu+kIv728jTTVg=="
    "resolved" "https://registry.npmjs.org/is-regex/-/is-regex-1.1.4.tgz"
    "version" "1.1.4"
    dependencies:
      "call-bind" "^1.0.2"
      "has-tostringtag" "^1.0.0"
  
  "js-stringify@^1.0.2":
    "integrity" "sha1-Fzb939lyTyijaCrcYjCufk6Weds="
    "resolved" "https://registry.npmjs.org/js-stringify/-/js-stringify-1.0.2.tgz"
    "version" "1.0.2"
  
  "js-tokens@^3.0.0 || ^4.0.0":
    "integrity" "sha512-RdJUflcE3cUzKiMqQgsCu06FPu9UdIJO0beYbPhHN4k6apgJtifcoCtT9bcxOpYBtpD2kCM6Sbzg4CausW/PKQ=="
    "resolved" "https://registry.npmjs.org/js-tokens/-/js-tokens-4.0.0.tgz"
    "version" "4.0.0"
  
  "jsonc-parser@^2.3.0":
    "integrity" "sha512-H8jvkz1O50L3dMZCsLqiuB2tA7muqbSg1AtGEkN0leAqGjsUzDJir3Zwr02BhqdcITPg3ei3mZ+HjMocAknhhg=="
    "resolved" "https://registry.npmjs.org/jsonc-parser/-/jsonc-parser-2.3.1.tgz"
    "version" "2.3.1"
  
  "jsonc-parser@^3.0.0":
    "integrity" "sha512-fQzRfAbIBnR0IQvftw9FJveWiHp72Fg20giDrHz6TdfB12UH/uue0D3hm57UB5KgAVuniLMCaS8P1IMj9NR7cA=="
    "resolved" "https://registry.npmjs.org/jsonc-parser/-/jsonc-parser-3.0.0.tgz"
    "version" "3.0.0"
  
  "jstransformer@1.0.0":
    "integrity" "sha1-7Yvwkh4vPx7U1cGkT2hwntJHIsM="
    "resolved" "https://registry.npmjs.org/jstransformer/-/jstransformer-1.0.0.tgz"
    "version" "1.0.0"
    dependencies:
      "is-promise" "^2.0.0"
      "promise" "^7.0.1"
  
  "lodash-es@^4.17.15":
    "integrity" "sha512-mKnC+QJ9pWVzv+C4/U3rRsHapFfHvQFoFB92e52xeyGMcX6/OlIl78je1u8vePzYZSkkogMPJ2yjxxsb89cxyw=="
    "resolved" "https://registry.npmjs.org/lodash-es/-/lodash-es-4.17.21.tgz"
    "version" "4.17.21"
  
  "lodash@^4.17.15", "lodash@^4.17.21":
    "integrity" "sha512-v2kDEe57lecTulaDIuNTPy3Ry4gLGJ6Z1O3vE1krgXZNrsQ+LFTGHVxVjcXPs17LhbZVGedAJv8XZ1tvj5FvSg=="
    "resolved" "https://registry.npmjs.org/lodash/-/lodash-4.17.21.tgz"
    "version" "4.17.21"
  
  "loose-envify@^1.0.0":
    "integrity" "sha512-lyuxPGr/Wfhrlem2CL/UcnUc1zcqKAImBDzukY7Y5F/yQiNdko6+fRLevlw1HgMySw7f611UIY408EtxRSoK3Q=="
    "resolved" "https://registry.npmjs.org/loose-envify/-/loose-envify-1.4.0.tgz"
    "version" "1.4.0"
    dependencies:
      "js-tokens" "^3.0.0 || ^4.0.0"
  
  "lru-cache@^6.0.0":
    "integrity" "sha512-Jo6dJ04CmSjuznwJSS3pUeWmd/H0ffTlkXXgwZi+eq1UCmqQwCh+eLsYOYCwY991i2Fah4h1BEMCx4qThGbsiA=="
    "resolved" "https://registry.npmjs.org/lru-cache/-/lru-cache-6.0.0.tgz"
    "version" "6.0.0"
    dependencies:
      "yallist" "^4.0.0"
  
  "magic-string@^0.25.7":
    "integrity" "sha512-4CrMT5DOHTDk4HYDlzmwu4FVCcIYI8gauveasrdCu2IKIFOJ3f0v/8MDGJCDL9oD2ppz/Av1b0Nj345H9M+XIA=="
    "resolved" "https://registry.npmjs.org/magic-string/-/magic-string-0.25.7.tgz"
    "version" "0.25.7"
    dependencies:
      "sourcemap-codec" "^1.4.4"
  
  "merge2@^1.3.0":
    "integrity" "sha512-8q7VEgMJW4J8tcfVPy8g09NcQwZdbwFEqhe/WZkoIzjn/3TGDwtOCYtXGxA3O8tPzpczCCDgv+P2P5y00ZJOOg=="
    "resolved" "https://registry.npmjs.org/merge2/-/merge2-1.4.1.tgz"
    "version" "1.4.1"
  
  "micromatch@^4.0.4":
    "integrity" "sha512-pRmzw/XUcwXGpD9aI9q/0XOwLNygjETJ8y0ao0wdqprrzDa4YnxLcz7fQRZr8voh8V10kGhABbNcHVk5wHgWwg=="
    "resolved" "https://registry.npmjs.org/micromatch/-/micromatch-4.0.4.tgz"
    "version" "4.0.4"
    dependencies:
      "braces" "^3.0.1"
      "picomatch" "^2.2.3"
  
  "minimatch@^3.0.4":
    "integrity" "sha512-yJHVQEhyqPLUTgt9B83PXu6W3rx4MvvHvSUvToogpwoGDOUQ+yDrR0HRot+yOCdCO7u4hX3pWft6kWBBcqh0UA=="
    "resolved" "https://registry.npmjs.org/minimatch/-/minimatch-3.0.4.tgz"
    "version" "3.0.4"
    dependencies:
      "brace-expansion" "^1.1.7"
  
  "moment@^2.27.0":
    "integrity" "sha512-kHmoybcPV8Sqy59DwNDY3Jefr64lK/by/da0ViFcuA4DH0vQg5Q6Ze5VimxkfQNSC+Mls/Kx53s7TjP1RhFEDQ=="
    "resolved" "https://registry.npmjs.org/moment/-/moment-2.29.1.tgz"
    "version" "2.29.1"
  
  "ms@2.1.2":
    "integrity" "sha512-sGkPx+VjMtmA6MX27oA4FBFELFCZZ4S4XqeGOXCv68tT+jb3vk/RyaKWP0PTKyWtmLSM0b+adUTEvbs1PEaH2w=="
    "resolved" "https://registry.npmjs.org/ms/-/ms-2.1.2.tgz"
    "version" "2.1.2"
  
  "nanoid@^3.1.30":
    "integrity" "sha512-zJpuPDwOv8D2zq2WRoMe1HsfZthVewpel9CAvTfc/2mBD1uUT/agc5f7GHGWXlYkFvi1mVxe4IjvP2HNrop7nQ=="
    "resolved" "https://registry.npmjs.org/nanoid/-/nanoid-3.1.30.tgz"
    "version" "3.1.30"
  
  "nanopop@^2.1.0":
    "integrity" "sha512-jGTwpFRexSH+fxappnGQtN9dspgE2ipa1aOjtR24igG0pv6JCxImIAmrLRHX+zUF5+1wtsFVbKyfP51kIGAVNw=="
    "resolved" "https://registry.npmjs.org/nanopop/-/nanopop-2.1.0.tgz"
    "version" "2.1.0"
  
  "object-assign@^4.1.1":
    "integrity" "sha1-IQmtx5ZYh8/AXLvUQsrIv7s2CGM="
    "resolved" "https://registry.npmjs.org/object-assign/-/object-assign-4.1.1.tgz"
    "version" "4.1.1"
  
  "omit.js@^2.0.0":
    "integrity" "sha512-hJmu9D+bNB40YpL9jYebQl4lsTW6yEHRTroJzNLqQJYHm7c+NQnJGfZmIWh8S3q3KoaxV1aLhV6B3+0N0/kyJg=="
    "resolved" "https://registry.npmjs.org/omit.js/-/omit.js-2.0.2.tgz"
    "version" "2.0.2"
  
  "path-parse@^1.0.6":
    "integrity" "sha512-LDJzPVEEEPR+y48z93A0Ed0yXb8pAByGWo/k5YYdYgpY2/2EsOsksJrq7lOHxryrVOn1ejG6oAp8ahvOIQD8sw=="
    "resolved" "https://registry.npmjs.org/path-parse/-/path-parse-1.0.7.tgz"
    "version" "1.0.7"
  
  "picocolors@^1.0.0":
    "integrity" "sha512-1fygroTLlHu66zi26VoTDv8yRgm0Fccecssto+MhsZ0D/DGW2sm8E8AjW7NU5VVTRt5GxbeZ5qBuJr+HyLYkjQ=="
    "resolved" "https://registry.npmjs.org/picocolors/-/picocolors-1.0.0.tgz"
    "version" "1.0.0"
  
  "picomatch@^2.2.3":
    "integrity" "sha512-lY1Q/PiJGC2zOv/z391WOTD+Z02bCgsFfvxoXXf6h7kv9o+WmsmzYqrAwY63sNgOxE4xEdq0WyUnXfKeBrSvYw=="
    "resolved" "https://registry.npmjs.org/picomatch/-/picomatch-2.3.0.tgz"
    "version" "2.3.0"
  
  "postcss@^8.1.10", "postcss@^8.3.8":
    "integrity" "sha512-hCmlUAIlUiav8Xdqw3Io4LcpA1DOt7h3LSTAC4G6JGHFFaWzI6qvFt9oilvl8BmkbBRX1IhM90ZAmpk68zccQA=="
    "resolved" "https://registry.npmjs.org/postcss/-/postcss-8.3.11.tgz"
    "version" "8.3.11"
    dependencies:
      "nanoid" "^3.1.30"
      "picocolors" "^1.0.0"
      "source-map-js" "^0.6.2"
  
  "promise@^7.0.1":
    "integrity" "sha512-nolQXZ/4L+bP/UGlkfaIujX9BKxGwmQ9OT4mOt5yvy8iK1h3wqTEJCijzGANTCCl9nWjY41juyAn2K3Q1hLLTg=="
    "resolved" "https://registry.npmjs.org/promise/-/promise-7.3.1.tgz"
    "version" "7.3.1"
    dependencies:
      "asap" "~2.0.3"
  
  "pug-attrs@^3.0.0":
    "integrity" "sha512-azINV9dUtzPMFQktvTXciNAfAuVh/L/JCl0vtPCwvOA21uZrC08K/UnmrL+SXGEVc1FwzjW62+xw5S/uaLj6cA=="
    "resolved" "https://registry.npmjs.org/pug-attrs/-/pug-attrs-3.0.0.tgz"
    "version" "3.0.0"
    dependencies:
      "constantinople" "^4.0.1"
      "js-stringify" "^1.0.2"
      "pug-runtime" "^3.0.0"
  
  "pug-code-gen@^3.0.2":
    "integrity" "sha512-nJMhW16MbiGRiyR4miDTQMRWDgKplnHyeLvioEJYbk1RsPI3FuA3saEP8uwnTb2nTJEKBU90NFVWJBk4OU5qyg=="
    "resolved" "https://registry.npmjs.org/pug-code-gen/-/pug-code-gen-3.0.2.tgz"
    "version" "3.0.2"
    dependencies:
      "constantinople" "^4.0.1"
      "doctypes" "^1.1.0"
      "js-stringify" "^1.0.2"
      "pug-attrs" "^3.0.0"
      "pug-error" "^2.0.0"
      "pug-runtime" "^3.0.0"
      "void-elements" "^3.1.0"
      "with" "^7.0.0"
  
  "pug-error@^2.0.0":
    "integrity" "sha512-sjiUsi9M4RAGHktC1drQfCr5C5eriu24Lfbt4s+7SykztEOwVZtbFk1RRq0tzLxcMxMYTBR+zMQaG07J/btayQ=="
    "resolved" "https://registry.npmjs.org/pug-error/-/pug-error-2.0.0.tgz"
    "version" "2.0.0"
  
  "pug-filters@^4.0.0":
    "integrity" "sha512-yeNFtq5Yxmfz0f9z2rMXGw/8/4i1cCFecw/Q7+D0V2DdtII5UvqE12VaZ2AY7ri6o5RNXiweGH79OCq+2RQU4A=="
    "resolved" "https://registry.npmjs.org/pug-filters/-/pug-filters-4.0.0.tgz"
    "version" "4.0.0"
    dependencies:
      "constantinople" "^4.0.1"
      "jstransformer" "1.0.0"
      "pug-error" "^2.0.0"
      "pug-walk" "^2.0.0"
      "resolve" "^1.15.1"
  
  "pug-lexer@^5.0.1":
    "integrity" "sha512-0I6C62+keXlZPZkOJeVam9aBLVP2EnbeDw3An+k0/QlqdwH6rv8284nko14Na7c0TtqtogfWXcRoFE4O4Ff20w=="
    "resolved" "https://registry.npmjs.org/pug-lexer/-/pug-lexer-5.0.1.tgz"
    "version" "5.0.1"
    dependencies:
      "character-parser" "^2.2.0"
      "is-expression" "^4.0.0"
      "pug-error" "^2.0.0"
  
  "pug-linker@^4.0.0":
    "integrity" "sha512-gjD1yzp0yxbQqnzBAdlhbgoJL5qIFJw78juN1NpTLt/mfPJ5VgC4BvkoD3G23qKzJtIIXBbcCt6FioLSFLOHdw=="
    "resolved" "https://registry.npmjs.org/pug-linker/-/pug-linker-4.0.0.tgz"
    "version" "4.0.0"
    dependencies:
      "pug-error" "^2.0.0"
      "pug-walk" "^2.0.0"
  
  "pug-load@^3.0.0":
    "integrity" "sha512-OCjTEnhLWZBvS4zni/WUMjH2YSUosnsmjGBB1An7CsKQarYSWQ0GCVyd4eQPMFJqZ8w9xgs01QdiZXKVjk92EQ=="
    "resolved" "https://registry.npmjs.org/pug-load/-/pug-load-3.0.0.tgz"
    "version" "3.0.0"
    dependencies:
      "object-assign" "^4.1.1"
      "pug-walk" "^2.0.0"
  
  "pug-parser@^6.0.0":
    "integrity" "sha512-ukiYM/9cH6Cml+AOl5kETtM9NR3WulyVP2y4HOU45DyMim1IeP/OOiyEWRr6qk5I5klpsBnbuHpwKmTx6WURnw=="
    "resolved" "https://registry.npmjs.org/pug-parser/-/pug-parser-6.0.0.tgz"
    "version" "6.0.0"
    dependencies:
      "pug-error" "^2.0.0"
      "token-stream" "1.0.0"
  
  "pug-runtime@^3.0.0", "pug-runtime@^3.0.1":
    "integrity" "sha512-L50zbvrQ35TkpHwv0G6aLSuueDRwc/97XdY8kL3tOT0FmhgG7UypU3VztfV/LATAvmUfYi4wNxSajhSAeNN+Kg=="
    "resolved" "https://registry.npmjs.org/pug-runtime/-/pug-runtime-3.0.1.tgz"
    "version" "3.0.1"
  
  "pug-strip-comments@^2.0.0":
    "integrity" "sha512-zo8DsDpH7eTkPHCXFeAk1xZXJbyoTfdPlNR0bK7rpOMuhBYb0f5qUVCO1xlsitYd3w5FQTK7zpNVKb3rZoUrrQ=="
    "resolved" "https://registry.npmjs.org/pug-strip-comments/-/pug-strip-comments-2.0.0.tgz"
    "version" "2.0.0"
    dependencies:
      "pug-error" "^2.0.0"
  
  "pug-walk@^2.0.0":
    "integrity" "sha512-yYELe9Q5q9IQhuvqsZNwA5hfPkMJ8u92bQLIMcsMxf/VADjNtEYptU+inlufAFYcWdHlwNfZOEnOOQrZrcyJCQ=="
    "resolved" "https://registry.npmjs.org/pug-walk/-/pug-walk-2.0.0.tgz"
    "version" "2.0.0"
  
  "pug@^3.0.2":
    "integrity" "sha512-bp0I/hiK1D1vChHh6EfDxtndHji55XP/ZJKwsRqrz6lRia6ZC2OZbdAymlxdVFwd1L70ebrVJw4/eZ79skrIaw=="
    "resolved" "https://registry.npmjs.org/pug/-/pug-3.0.2.tgz"
    "version" "3.0.2"
    dependencies:
      "pug-code-gen" "^3.0.2"
      "pug-filters" "^4.0.0"
      "pug-lexer" "^5.0.1"
      "pug-linker" "^4.0.0"
      "pug-load" "^3.0.0"
      "pug-parser" "^6.0.0"
      "pug-runtime" "^3.0.1"
      "pug-strip-comments" "^2.0.0"
  
  "queue-microtask@^1.2.2":
    "integrity" "sha512-NuaNSa6flKT5JaSYQzJok04JzTL1CA6aGhv5rfLW3PgqA+M2ChpZQnAC8h8i4ZFkBS8X5RqkDBHA7r4hej3K9A=="
    "resolved" "https://registry.npmjs.org/queue-microtask/-/queue-microtask-1.2.3.tgz"
    "version" "1.2.3"
  
  "regenerator-runtime@^0.13.4":
    "integrity" "sha512-p3VT+cOEgxFsRRA9X4lkI1E+k2/CtnKtU4gcxyaCUreilL/vqI6CdZ3wxVUx3UOUg+gnUOQQcRI7BmSI656MYA=="
    "resolved" "https://registry.npmjs.org/regenerator-runtime/-/regenerator-runtime-0.13.9.tgz"
    "version" "0.13.9"
  
  "request-light@^0.5.4":
    "integrity" "sha512-t3566CMweOFlUk7Y1DJMu5OrtpoZEb6aSTsLQVT3wtrIEJ5NhcY9G/Oqxvjllzl4a15zXfFlcr9q40LbLVQJqw=="
    "resolved" "https://registry.npmjs.org/request-light/-/request-light-0.5.4.tgz"
    "version" "0.5.4"
  
  "resize-observer-polyfill@^1.5.1":
    "integrity" "sha512-LwZrotdHOo12nQuZlHEmtuXdqGoOD0OhaxopaNFxWzInpEgaLWoVuAMbTzixuosCx2nEG58ngzW3vxdWoxIgdg=="
    "resolved" "https://registry.npmjs.org/resize-observer-polyfill/-/resize-observer-polyfill-1.5.1.tgz"
    "version" "1.5.1"
  
  "resolve@^1.15.1", "resolve@^1.20.0":
    "integrity" "sha512-wENBPt4ySzg4ybFQW2TT1zMQucPK95HSh/nq2CFTZVOGut2+pQvSsgtda4d26YrYcr067wjbmzOG8byDPBX63A=="
    "resolved" "https://registry.npmjs.org/resolve/-/resolve-1.20.0.tgz"
    "version" "1.20.0"
    dependencies:
      "is-core-module" "^2.2.0"
      "path-parse" "^1.0.6"
  
  "reusify@^1.0.4":
    "integrity" "sha512-U9nH88a3fc/ekCF1l0/UP1IosiuIjyTh7hBvXVMHYgVcfGvt897Xguj2UOLDeI5BG2m7/uwyaLVT6fbtCwTyzw=="
    "resolved" "https://registry.npmjs.org/reusify/-/reusify-1.0.4.tgz"
    "version" "1.0.4"
  
  "rollup@^2.57.0":
    "integrity" "sha512-ei27MSw1KhRur4p87Q0/Va2NAYqMXOX++FNEumMBcdreIRLURKy+cE2wcDJKBn0nfmhP2ZGrJkP1XPO+G8FJQw=="
    "resolved" "https://registry.npmjs.org/rollup/-/rollup-2.58.3.tgz"
    "version" "2.58.3"
    optionalDependencies:
      "fsevents" "~2.3.2"
  
  "run-parallel@^1.1.9":
    "integrity" "sha512-5l4VyZR86LZ/lDxZTR6jqL8AFE2S0IFLMP26AbjsLVADxHdhB/c0GUsH+y39UfCi3dzz8OlQuPmnaJOMoDHQBA=="
    "resolved" "https://registry.npmjs.org/run-parallel/-/run-parallel-1.2.0.tgz"
    "version" "1.2.0"
    dependencies:
      "queue-microtask" "^1.2.2"
  
  "scroll-into-view-if-needed@^2.2.25":
    "integrity" "sha512-8LuxJSuFVc92+0AdNv4QOxRL4Abeo1DgLnGNkn1XlaujPH/3cCFz3QI60r2VNu4obJJROzgnIUw5TKQkZvZI1w=="
    "resolved" "https://registry.npmjs.org/scroll-into-view-if-needed/-/scroll-into-view-if-needed-2.2.28.tgz"
    "version" "2.2.28"
    dependencies:
      "compute-scroll-into-view" "^1.0.17"
  
  "semver@^7.3.5":
    "integrity" "sha512-PoeGJYh8HK4BTO/a9Tf6ZG3veo/A7ZVsYrSA6J8ny9nb3B1VrpkuN+z9OE5wfE5p6H4LchYZsegiQgbJD94ZFQ=="
    "resolved" "https://registry.npmjs.org/semver/-/semver-7.3.5.tgz"
    "version" "7.3.5"
    dependencies:
      "lru-cache" "^6.0.0"
  
  "shallow-equal@^1.0.0":
    "integrity" "sha512-S4vJDjHHMBaiZuT9NPb616CSmLf618jawtv3sufLl6ivK8WocjAo58cXwbRV1cgqxH0Qbv+iUt6m05eqEa2IRA=="
    "resolved" "https://registry.npmjs.org/shallow-equal/-/shallow-equal-1.2.1.tgz"
    "version" "1.2.1"
  
  "source-map-js@^0.6.2":
    "integrity" "sha512-/3GptzWzu0+0MBQFrDKzw/DvvMTUORvgY6k6jd/VS6iCR4RDTKWH6v6WPwQoUO8667uQEf9Oe38DxAYWY5F/Ug=="
    "resolved" "https://registry.npmjs.org/source-map-js/-/source-map-js-0.6.2.tgz"
    "version" "0.6.2"
  
  "source-map@^0.6.1":
    "integrity" "sha512-UjgapumWlbMhkBgzT7Ykc5YXUT46F0iKu8SGXq0bcwP5dz/h0Plj6enJqjz1Zbq2l5WaqYnrVbwWOWMyF3F47g=="
    "resolved" "https://registry.npmjs.org/source-map/-/source-map-0.6.1.tgz"
    "version" "0.6.1"
  
  "sourcemap-codec@^1.4.4":
    "integrity" "sha512-9NykojV5Uih4lgo5So5dtw+f0JgJX30KCNI8gwhz2J9A15wD0Ml6tjHKwf6fTSa6fAdVBdZeNOs9eJ71qCk8vA=="
    "resolved" "https://registry.npmjs.org/sourcemap-codec/-/sourcemap-codec-1.4.8.tgz"
    "version" "1.4.8"
  
  "to-fast-properties@^2.0.0":
    "integrity" "sha1-3F5pjL0HkmW8c+A3doGk5Og/YW4="
    "resolved" "https://registry.npmjs.org/to-fast-properties/-/to-fast-properties-2.0.0.tgz"
    "version" "2.0.0"
  
  "to-regex-range@^5.0.1":
    "integrity" "sha512-65P7iz6X5yEr1cwcgvQxbbIw7Uk3gOy5dIdtZ4rDveLqhrdJP+Li/Hx6tyK0NEb+2GCyneCMJiGqrADCSNk8sQ=="
    "resolved" "https://registry.npmjs.org/to-regex-range/-/to-regex-range-5.0.1.tgz"
    "version" "5.0.1"
    dependencies:
      "is-number" "^7.0.0"
  
  "token-stream@1.0.0":
    "integrity" "sha1-zCAOqyYT9BZtJ/+a/HylbUnfbrQ="
    "resolved" "https://registry.npmjs.org/token-stream/-/token-stream-1.0.0.tgz"
    "version" "1.0.0"
  
  "typescript@*", "typescript@^4.4.3":
    "integrity" "sha512-DqGhF5IKoBl8WNf8C1gu8q0xZSInh9j1kJJMqT3a94w1JzVaBU4EXOSMrz9yDqMT0xt3selp83fuFMQ0uzv6qA=="
    "resolved" "https://registry.npmjs.org/typescript/-/typescript-4.4.4.tgz"
    "version" "4.4.4"
  
  "upath@^2.0.1":
    "integrity" "sha512-1uEe95xksV1O0CYKXo8vQvN1JEbtJp7lb7C5U9HMsIp6IVwntkH/oNUzyVNQSd4S1sYk2FpSSW44FqMc8qee5w=="
    "resolved" "https://registry.npmjs.org/upath/-/upath-2.0.1.tgz"
    "version" "2.0.1"
  
  "vite-plugin-components@^0.13.3":
    "integrity" "sha512-6vLWPrEqFSW7REYvux/WVwxsytg/DcstVhdgAT806cZi/KGiQgB8dyFnLkrkFawxUQruuGkLWfS99Z/64mMC0w=="
    "resolved" "https://registry.npmjs.org/vite-plugin-components/-/vite-plugin-components-0.13.3.tgz"
    "version" "0.13.3"
    dependencies:
      "debug" "^4.3.2"
      "fast-glob" "^3.2.7"
      "magic-string" "^0.25.7"
      "minimatch" "^3.0.4"
  
  "vite@^2.0.0", "vite@^2.5.10", "vite@^2.6.4":
    "integrity" "sha512-0K7HUgAFiWOCWMkshjunCieTgawoSfmtExTwNoaVc5uTUb3ZEWb3DUP9Ze1l5dZZBxmNrbo5GrmJp2UJA3g+jA=="
    "resolved" "https://registry.npmjs.org/vite/-/vite-2.6.12.tgz"
    "version" "2.6.12"
    dependencies:
      "esbuild" "^0.13.2"
      "postcss" "^8.3.8"
      "resolve" "^1.20.0"
      "rollup" "^2.57.0"
    optionalDependencies:
      "fsevents" "~2.3.2"
  
  "void-elements@^3.1.0":
    "integrity" "sha1-YU9/v42AHwu18GYfWy9XhXUOTwk="
    "resolved" "https://registry.npmjs.org/void-elements/-/void-elements-3.1.0.tgz"
    "version" "3.1.0"
  
  "vscode-css-languageservice@^5.1.4":
    "integrity" "sha512-Si1sMykS8U/p8LYgLGPCfZD1YFT0AtvUJQp9XJGw64DZWhtwYo28G2l64USLS9ge4ZPMZpwdpOK7PfbVKfgiiA=="
    "resolved" "https://registry.npmjs.org/vscode-css-languageservice/-/vscode-css-languageservice-5.1.8.tgz"
    "version" "5.1.8"
    dependencies:
      "vscode-languageserver-textdocument" "^1.0.1"
      "vscode-languageserver-types" "^3.16.0"
      "vscode-nls" "^5.0.0"
      "vscode-uri" "^3.0.2"
  
  "vscode-html-languageservice@^4.0.7":
    "integrity" "sha512-rrDyCiOgMwOPgchpPGAeLzjYVVEW/Ror2/a1BWUEI3S9+NQhA9vj4SQkzmH6g2Bq9S9SV0OQeadD+xphOf1N3w=="
    "resolved" "https://registry.npmjs.org/vscode-html-languageservice/-/vscode-html-languageservice-4.1.1.tgz"
    "version" "4.1.1"
    dependencies:
      "vscode-languageserver-textdocument" "^1.0.1"
      "vscode-languageserver-types" "^3.16.0"
      "vscode-nls" "^5.0.0"
      "vscode-uri" "^3.0.2"
  
  "vscode-json-languageservice@^4.1.7":
    "integrity" "sha512-kxNHitUy2fCxmP6vAp0SRLrUSuecUYzzxlC+85cC3jJlFHWmvtCJOzikC+kcUnIdls9fQSB8n0yHs8Sl6taxJw=="
    "resolved" "https://registry.npmjs.org/vscode-json-languageservice/-/vscode-json-languageservice-4.1.9.tgz"
    "version" "4.1.9"
    dependencies:
      "jsonc-parser" "^3.0.0"
      "vscode-languageserver-textdocument" "^1.0.1"
      "vscode-languageserver-types" "^3.16.0"
      "vscode-nls" "^5.0.0"
      "vscode-uri" "^3.0.2"
  
  "vscode-jsonrpc@^8.0.0-next.2", "vscode-jsonrpc@8.0.0-next.3":
    "integrity" "sha512-2wRiBR5tZAXZ4UxIO4F0cT/zN6OpruoWO0vc7EpQZxVfumb0pYiSegB+PaOzXCuFQzh7YEshW/XMg4zTz3FGVQ=="
    "resolved" "https://registry.npmjs.org/vscode-jsonrpc/-/vscode-jsonrpc-8.0.0-next.3.tgz"
    "version" "8.0.0-next.3"
  
  "vscode-languageserver-protocol@3.17.0-next.9":
    "integrity" "sha512-DGkRmbI1hRBMY6HU6MOyza5AvYp0+HcbMf2qdmI98luyQJ26dOfHY5K38OS4hlTHhdJg9RypTQ/uBbLZehmn1Q=="
    "resolved" "https://registry.npmjs.org/vscode-languageserver-protocol/-/vscode-languageserver-protocol-3.17.0-next.9.tgz"
    "version" "3.17.0-next.9"
    dependencies:
      "vscode-jsonrpc" "8.0.0-next.3"
      "vscode-languageserver-types" "3.17.0-next.4"
  
  "vscode-languageserver-textdocument@^1.0.1":
    "integrity" "sha512-T7uPC18+f8mYE4lbVZwb3OSmvwTZm3cuFhrdx9Bn2l11lmp3SvSuSVjy2JtvrghzjAo4G6Trqny2m9XGnFnWVA=="
    "resolved" "https://registry.npmjs.org/vscode-languageserver-textdocument/-/vscode-languageserver-textdocument-1.0.2.tgz"
    "version" "1.0.2"
  
  "vscode-languageserver-types@^3.15.1", "vscode-languageserver-types@^3.16.0":
    "integrity" "sha512-k8luDIWJWyenLc5ToFQQMaSrqCHiLwyKPHKPQZ5zz21vM+vIVUSvsRpcbiECH4WR88K2XZqc4ScRcZ7nk/jbeA=="
    "resolved" "https://registry.npmjs.org/vscode-languageserver-types/-/vscode-languageserver-types-3.16.0.tgz"
    "version" "3.16.0"
  
  "vscode-languageserver-types@3.17.0-next.4":
    "integrity" "sha512-MraVkZDhfqa3ftnKW9rEDeqsV+ji8OrtEjx6mVjzVGm5U2XXT+mdqDWyQ+y0Gvb2/aa2oJJQyTAaDmRTUKiUbg=="
    "resolved" "https://registry.npmjs.org/vscode-languageserver-types/-/vscode-languageserver-types-3.17.0-next.4.tgz"
    "version" "3.17.0-next.4"
  
  "vscode-languageserver@^8.0.0-next.2":
    "integrity" "sha512-uxL/tKUa/gRdvQINVmMnK32d6LwfTPTvF7l1iZIFDuAdhGrQ+Po+4lS3w4hwQSeUmapM1WMELXNBFca/u3H5Uw=="
    "resolved" "https://registry.npmjs.org/vscode-languageserver/-/vscode-languageserver-8.0.0-next.3.tgz"
    "version" "8.0.0-next.3"
    dependencies:
      "vscode-languageserver-protocol" "3.17.0-next.9"
  
  "vscode-nls@^5.0.0":
    "integrity" "sha512-u0Lw+IYlgbEJFF6/qAqG2d1jQmJl0eyAGJHoAJqr2HT4M2BNuQYSEiSE75f52pXHSJm8AlTjnLLbBFPrdz2hpA=="
    "resolved" "https://registry.npmjs.org/vscode-nls/-/vscode-nls-5.0.0.tgz"
    "version" "5.0.0"
  
  "vscode-pug-languageservice@^0.27.24":
    "integrity" "sha512-GSvsFB+rPhAD7cBlEKCVNNsFGIaOnp/0zyLw3WpYbXY24vJZafXu1kHvtYaaQXJRnIhqp5EI5p+EqpdI3hTBnw=="
    "resolved" "https://registry.npmjs.org/vscode-pug-languageservice/-/vscode-pug-languageservice-0.27.24.tgz"
    "version" "0.27.24"
    dependencies:
      "@volar/code-gen" "^0.27.24"
      "@volar/shared" "^0.27.24"
      "@volar/source-map" "^0.27.24"
      "@volar/transforms" "^0.27.24"
      "pug-lexer" "^5.0.1"
      "pug-parser" "^6.0.0"
      "vscode-languageserver" "^8.0.0-next.2"
  
  "vscode-typescript-languageservice@^0.27.25":
    "integrity" "sha512-nxpJI9MnF2rn5rKL/032Qrsq3T9DgM3slK5fwZp3suNdo90JG2zFTs3Ola8n62k7+KWu4A775obxyb4wLIW6Gw=="
    "resolved" "https://registry.npmjs.org/vscode-typescript-languageservice/-/vscode-typescript-languageservice-0.27.25.tgz"
    "version" "0.27.25"
    dependencies:
      "@volar/shared" "^0.27.24"
      "semver" "^7.3.5"
      "upath" "^2.0.1"
      "vscode-languageserver" "^8.0.0-next.2"
      "vscode-languageserver-textdocument" "^1.0.1"
  
  "vscode-uri@^2.1.2":
    "integrity" "sha512-8TEXQxlldWAuIODdukIb+TR5s+9Ds40eSJrw+1iDDA9IFORPjMELarNQE3myz5XIkWWpdprmJjm1/SxMlWOC8A=="
    "resolved" "https://registry.npmjs.org/vscode-uri/-/vscode-uri-2.1.2.tgz"
    "version" "2.1.2"
  
  "vscode-uri@^3.0.2":
    "integrity" "sha512-jkjy6pjU1fxUvI51P+gCsxg1u2n8LSt0W6KrCNQceaziKzff74GoWmjVG46KieVzybO1sttPQmYfrwSHey7GUA=="
    "resolved" "https://registry.npmjs.org/vscode-uri/-/vscode-uri-3.0.2.tgz"
    "version" "3.0.2"
  
  "vscode-vue-languageservice@^0.27.0":
    "integrity" "sha512-nPnUNCMqqHfxcCPLyLWvmgbNCgos3SwvPcl/CzAnMbqcjLtNZppsdI7bKX3EEj0Jbg6SGLQ9NanIvZaMI1bsUA=="
    "resolved" "https://registry.npmjs.org/vscode-vue-languageservice/-/vscode-vue-languageservice-0.27.30.tgz"
    "version" "0.27.30"
    dependencies:
      "@volar/code-gen" "^0.27.24"
      "@volar/html2pug" "^0.27.13"
      "@volar/shared" "^0.27.24"
      "@volar/source-map" "^0.27.24"
      "@volar/transforms" "^0.27.24"
      "@vscode/emmet-helper" "^2.7.0"
      "@vue/compiler-dom" "^3.2.19"
      "@vue/reactivity" "^3.2.19"
      "@vue/shared" "^3.2.19"
      "request-light" "^0.5.4"
      "upath" "^2.0.1"
      "vscode-css-languageservice" "^5.1.4"
      "vscode-html-languageservice" "^4.0.7"
      "vscode-json-languageservice" "^4.1.7"
      "vscode-languageserver" "^8.0.0-next.2"
      "vscode-languageserver-textdocument" "^1.0.1"
      "vscode-pug-languageservice" "^0.27.24"
      "vscode-typescript-languageservice" "^0.27.25"
  
  "vue-router@^3.5.3":
    "integrity" "sha512-FUlILrW3DGitS2h+Xaw8aRNvGTwtuaxrRkNSHWTizOfLUie7wuYwezeZ50iflRn8YPV5kxmU2LQuu3nM/b3Zsg=="
    "resolved" "https://registry.npmjs.org/vue-router/-/vue-router-3.5.3.tgz"
    "version" "3.5.3"
  
  "vue-tsc@^0.3.0":
    "integrity" "sha512-zaDRZBxwRIz1XjhNP92FqugG71st6BUMnA2EwPeXrAyzbEYVRz6TezNFceYl3QYqqN8CtaxbqUhaQEDj/ntoCA=="
    "resolved" "https://registry.npmjs.org/vue-tsc/-/vue-tsc-0.3.0.tgz"
    "version" "0.3.0"
    dependencies:
      "vscode-vue-languageservice" "^0.27.0"
  
  "vue-types@^3.0.0":
    "integrity" "sha512-IwUC0Aq2zwaXqy74h4WCvFCUtoV0iSWr0snWnE9TnU18S66GAQyqQbRf2qfJtUuiFsBf6qp0MEwdonlwznlcrw=="
    "resolved" "https://registry.npmjs.org/vue-types/-/vue-types-3.0.2.tgz"
    "version" "3.0.2"
    dependencies:
      "is-plain-object" "3.0.1"
  
  "vue@^3.0.0", "vue@^3.2.16", "vue@>=3.0.3", "vue@>=3.1.0", "vue@3.2.20":
    "integrity" "sha512-81JjEP4OGk9oO8+CU0h2nFPGgJBm9mNa3kdCX2k6FuRdrWrC+CNe+tOnuIeTg8EWwQuI+wwdra5Q7vSzp7p4Iw=="
    "resolved" "https://registry.npmjs.org/vue/-/vue-3.2.20.tgz"
    "version" "3.2.20"
    dependencies:
      "@vue/compiler-dom" "3.2.20"
      "@vue/compiler-sfc" "3.2.20"
      "@vue/runtime-dom" "3.2.20"
      "@vue/server-renderer" "3.2.20"
      "@vue/shared" "3.2.20"
  
  "warning@^4.0.0":
    "integrity" "sha512-rpJyN222KWIvHJ/F53XSZv0Zl/accqHR8et1kpaMTD/fLCRxtV8iX8czMzY7sVZupTI3zcUTg8eycS2kNF9l6w=="
    "resolved" "https://registry.npmjs.org/warning/-/warning-4.0.3.tgz"
    "version" "4.0.3"
    dependencies:
      "loose-envify" "^1.0.0"
  
  "with@^7.0.0":
    "integrity" "sha512-RNGKj82nUPg3g5ygxkQl0R937xLyho1J24ItRCBTr/m1YnZkzJy1hUiHUJrc/VlsDQzsCnInEGSg3bci0Lmd4w=="
    "resolved" "https://registry.npmjs.org/with/-/with-7.0.2.tgz"
    "version" "7.0.2"
    dependencies:
      "@babel/parser" "^7.9.6"
      "@babel/types" "^7.9.6"
      "assert-never" "^1.2.1"
      "babel-walk" "3.0.0-canary-5"
  
  "yallist@^4.0.0":
    "integrity" "sha512-3wdGidZyq5PB084XLES5TpOSRA3wjXAlIWMhum2kRcv/41Sn2emQ0dycQW4uZXLejwKvg6EsvbdlVL+FYEct7A=="
    "resolved" "https://registry.npmjs.org/yallist/-/yallist-4.0.0.tgz"
    "version" "4.0.0"
